<?xml version="1.0" encoding="UTF-8"?><testsuite name="nosetests" tests="12" errors="0" failures="0" skip="0"><testcase classname="concTests.testModule1.testModule_1" name="test_M1_1" time="2" /><testcase classname="concTests.testModule1.testModule_1" name="test_M1_2" time="2" /><testcase classname="concTests.testModule2.testModule_2" name="test_M2_1" time="2" /><testcase classname="concTests.testModule2.testModule_2" name="test_M2_2" time="2" /><testcase classname="concTests.testModule3.testModule_1" name="test_M3_1" time="2" /><testcase classname="concTests.testModule3.testModule_1" name="test_M3_2" time="2" /><testcase classname="concTests.testModule3.testModule_1" name="test_M3_3" time="2" /><testcase classname="concTests.testModule3.testModule_1" name="test_M3_4" time="2" /><testcase classname="concTests.testModule3.testModule_1" name="test_M3_5" time="2" /><testcase classname="concTests.testModule4.testModule_4" name="test_M4_1" time="1" /><testcase classname="concTests.testModule4.testModule_4" name="test_M4_2" time="1" /><testcase classname="concTests.testModule4.testModule_4" name="test_M4_3" time="1" /></testsuite>